<?xml version="1.0" encoding="UTF-8" standalone="no"?>
<testsuite errors="0" failures="4" name="io.cucumber.core.plugin.JUnitFormatter" skipped="0" tests="9" time="152.353">
<testcase classname="Go to Registration Page" name="TC_0001 User type to New Password_There should be at least 1 uppercase char" time="14.052">
<system-out><![CDATA[Given user got to GMI Bank homepage.........................................passed
Given user click to dropdown button.........................................passed
Then user click to register button..........................................passed
And user click to New Password button.......................................passed
Then user type New "<Aaaaaaa>"..............................................passed
Then check the bar level....................................................passed
Then verify level...........................................................passed
]]></system-out>
</testcase>
<testcase classname="Go to Registration Page" name="TC_0001 User type to New Password_There should be at least 1 uppercase char 2" time="11.267">
<failure message="" type="java.lang.AssertionError"><![CDATA[Given user got to GMI Bank homepage.........................................passed
Given user click to dropdown button.........................................passed
Then user click to register button..........................................passed
And user click to New Password button.......................................passed
Then user type New "<Aaaa>".................................................passed
Then check the bar level....................................................passed
Then verify level...........................................................failed

StackTrace:
java.lang.AssertionError
	at org.junit.Assert.fail(Assert.java:87)
	at org.junit.Assert.assertTrue(Assert.java:42)
	at org.junit.Assert.assertTrue(Assert.java:53)
	at gmibank.stepdefinitions.US_003_Registration_Password_sd.verify_level(US_003_Registration_Password_sd.java:84)
	at ✽.verify level(file:///C:/Users/user/IdeaProjects/gmibankproject/src/test/resources/features/US_003_Registration_Password.feature:15)
]]></failure>
</testcase>
<testcase classname="Go to Registration Page" name="TC_0002 User type to New Password_There should be at least 1 lowercase char" time="11.32">
<system-out><![CDATA[Given user got to GMI Bank homepage.........................................passed
Given user click to dropdown button.........................................passed
Then user click to register button..........................................passed
And user click to New Password button.......................................passed
Then user type New "<aAAAAAA>"..............................................passed
Then check the bar level....................................................passed
Then verify level...........................................................passed
]]></system-out>
</testcase>
<testcase classname="Go to Registration Page" name="TC_0003 User type to New Password_There should be at least 1 digit" time="10.925">
<system-out><![CDATA[Given user got to GMI Bank homepage.........................................passed
Given user click to dropdown button.........................................passed
Then user click to register button..........................................passed
And user click to New Password button.......................................passed
Then user type New "<1aaaaaa>"..............................................passed
Then check the bar level....................................................passed
Then verify level...........................................................passed
]]></system-out>
</testcase>
<testcase classname="Go to Registration Page" name="TC_0004 User type to New Password_There should be  at least 1 special char" time="12.975">
<system-out><![CDATA[Given user got to GMI Bank homepage.........................................passed
Given user click to dropdown button.........................................passed
Then user click to register button..........................................passed
And user click to New Password button.......................................passed
Then user type New "<.aaaaaa>"..............................................passed
Then check the bar level....................................................passed
Then verify level...........................................................passed
]]></system-out>
</testcase>
<testcase classname="Go to Registration Page" name="TC_0005 User type to New Password_There should be at least 7 chars" time="13.344">
<system-out><![CDATA[Given user got to GMI Bank homepage.........................................passed
Given user click to dropdown button.........................................passed
Then user click to register button..........................................passed
And user click to New Password button.......................................passed
Then user type New "Aaaaaaa"................................................passed
Then check the bar level....................................................passed
Then verify level...........................................................passed
]]></system-out>
</testcase>
<testcase classname="Go to Registration Page" name="TC_0005 User type to New Password_There should be at least 7 chars 2" time="13.22">
<failure message="" type="java.lang.AssertionError"><![CDATA[Given user got to GMI Bank homepage.........................................passed
Given user click to dropdown button.........................................passed
Then user click to register button..........................................passed
And user click to New Password button.......................................passed
Then user type New "Aaaa12".................................................passed
Then check the bar level....................................................passed
Then verify level...........................................................failed

StackTrace:
java.lang.AssertionError
	at org.junit.Assert.fail(Assert.java:87)
	at org.junit.Assert.assertTrue(Assert.java:42)
	at org.junit.Assert.assertTrue(Assert.java:53)
	at gmibank.stepdefinitions.US_003_Registration_Password_sd.verify_level(US_003_Registration_Password_sd.java:84)
	at ✽.verify level(file:///C:/Users/user/IdeaProjects/gmibankproject/src/test/resources/features/US_003_Registration_Password.feature:70)
]]></failure>
</testcase>
<testcase classname="go to Registration Page" name="TC_0001 User should see all account types and balace populated" time="35.09">
<failure message="no such element: Unable to locate element: {&quot;method&quot;:&quot;xpath&quot;,&quot;selector&quot;:&quot;//input[@id='username']&quot;}&#10;  (Session info: chrome=87.0.4280.88)&#10;For documentation on this error, please visit: https://www.seleniumhq.org/exceptions/no_such_element.html&#10;Build info: version: '3.141.59', revision: 'e82be7d358', time: '2018-11-14T08:17:03'&#10;System info: host: 'DESKTOP-VEALI02', ip: '172.30.16.211', os.name: 'Windows 10', os.arch: 'amd64', os.version: '10.0', java.version: '1.8.0_241'&#10;Driver info: org.openqa.selenium.chrome.ChromeDriver&#10;Capabilities {acceptInsecureCerts: false, browserName: chrome, browserVersion: 87.0.4280.88, chrome: {chromedriverVersion: 87.0.4280.88 (89e2380a3e36c..., userDataDir: C:\Users\user\AppData\Local...}, goog:chromeOptions: {debuggerAddress: localhost:65482}, javascriptEnabled: true, networkConnectionEnabled: false, pageLoadStrategy: normal, platform: WINDOWS, platformName: WINDOWS, proxy: Proxy(), setWindowRect: true, strictFileInteractability: false, timeouts: {implicit: 0, pageLoad: 300000, script: 30000}, unhandledPromptBehavior: dismiss and notify, webauthn:virtualAuthenticators: true}&#10;Session ID: 34602d3a23844c2b736ef96fd5c0d85f&#10;*** Element info: {Using=xpath, value=//input[@id='username']}" type="org.openqa.selenium.NoSuchElementException"><![CDATA[Given user got to GMI Bank homepage.........................................passed
And user click to dropdown button...........................................passed
Then user click to Sign in button...........................................passed
And user click User name button.............................................failed
And user type Username "team21customer".....................................skipped
And user click to Password..................................................skipped
And user type Password "team21Customer".....................................skipped
Then user click Sign in.....................................................skipped
Then user click My Operation button.........................................skipped
Then user click Manage Accounts button......................................skipped
Then check all account types................................................skipped
Then check all balance......................................................skipped

StackTrace:
org.openqa.selenium.NoSuchElementException: no such element: Unable to locate element: {"method":"xpath","selector":"//input[@id='username']"}
  (Session info: chrome=87.0.4280.88)
For documentation on this error, please visit: https://www.seleniumhq.org/exceptions/no_such_element.html
Build info: version: '3.141.59', revision: 'e82be7d358', time: '2018-11-14T08:17:03'
System info: host: 'DESKTOP-VEALI02', ip: '172.30.16.211', os.name: 'Windows 10', os.arch: 'amd64', os.version: '10.0', java.version: '1.8.0_241'
Driver info: org.openqa.selenium.chrome.ChromeDriver
Capabilities {acceptInsecureCerts: false, browserName: chrome, browserVersion: 87.0.4280.88, chrome: {chromedriverVersion: 87.0.4280.88 (89e2380a3e36c..., userDataDir: C:\Users\user\AppData\Local...}, goog:chromeOptions: {debuggerAddress: localhost:65482}, javascriptEnabled: true, networkConnectionEnabled: false, pageLoadStrategy: normal, platform: WINDOWS, platformName: WINDOWS, proxy: Proxy(), setWindowRect: true, strictFileInteractability: false, timeouts: {implicit: 0, pageLoad: 300000, script: 30000}, unhandledPromptBehavior: dismiss and notify, webauthn:virtualAuthenticators: true}
Session ID: 34602d3a23844c2b736ef96fd5c0d85f
*** Element info: {Using=xpath, value=//input[@id='username']}
	at sun.reflect.NativeConstructorAccessorImpl.newInstance0(Native Method)
	at sun.reflect.NativeConstructorAccessorImpl.newInstance(NativeConstructorAccessorImpl.java:62)
	at sun.reflect.DelegatingConstructorAccessorImpl.newInstance(DelegatingConstructorAccessorImpl.java:45)
	at java.lang.reflect.Constructor.newInstance(Constructor.java:423)
	at org.openqa.selenium.remote.http.W3CHttpResponseCodec.createException(W3CHttpResponseCodec.java:187)
	at org.openqa.selenium.remote.http.W3CHttpResponseCodec.decode(W3CHttpResponseCodec.java:122)
	at org.openqa.selenium.remote.http.W3CHttpResponseCodec.decode(W3CHttpResponseCodec.java:49)
	at org.openqa.selenium.remote.HttpCommandExecutor.execute(HttpCommandExecutor.java:158)
	at org.openqa.selenium.remote.service.DriverCommandExecutor.execute(DriverCommandExecutor.java:83)
	at org.openqa.selenium.remote.RemoteWebDriver.execute(RemoteWebDriver.java:552)
	at org.openqa.selenium.remote.RemoteWebDriver.findElement(RemoteWebDriver.java:323)
	at org.openqa.selenium.remote.RemoteWebDriver.findElementByXPath(RemoteWebDriver.java:428)
	at org.openqa.selenium.By$ByXPath.findElement(By.java:353)
	at org.openqa.selenium.remote.RemoteWebDriver.findElement(RemoteWebDriver.java:315)
	at org.openqa.selenium.support.pagefactory.DefaultElementLocator.findElement(DefaultElementLocator.java:69)
	at org.openqa.selenium.support.pagefactory.internal.LocatingElementHandler.invoke(LocatingElementHandler.java:38)
	at com.sun.proxy.$Proxy18.click(Unknown Source)
	at gmibank.stepdefinitions.US_015_Manege_Account_sd.user_click_User_name_button(US_015_Manege_Account_sd.java:29)
	at ✽.user click User name button(file:///C:/Users/user/IdeaProjects/gmibankproject/src/test/resources/features/US_015_Manage_Account.feature:7)
]]></failure>
</testcase>
<testcase classname="go to Registration Page" name="TC_0002 User can view transaction" time="28.608">
<failure message="no such element: Unable to locate element: {&quot;method&quot;:&quot;xpath&quot;,&quot;selector&quot;:&quot;//input[@id='username']&quot;}&#10;  (Session info: chrome=87.0.4280.88)&#10;For documentation on this error, please visit: https://www.seleniumhq.org/exceptions/no_such_element.html&#10;Build info: version: '3.141.59', revision: 'e82be7d358', time: '2018-11-14T08:17:03'&#10;System info: host: 'DESKTOP-VEALI02', ip: '172.30.16.211', os.name: 'Windows 10', os.arch: 'amd64', os.version: '10.0', java.version: '1.8.0_241'&#10;Driver info: org.openqa.selenium.chrome.ChromeDriver&#10;Capabilities {acceptInsecureCerts: false, browserName: chrome, browserVersion: 87.0.4280.88, chrome: {chromedriverVersion: 87.0.4280.88 (89e2380a3e36c..., userDataDir: C:\Users\user\AppData\Local...}, goog:chromeOptions: {debuggerAddress: localhost:65516}, javascriptEnabled: true, networkConnectionEnabled: false, pageLoadStrategy: normal, platform: WINDOWS, platformName: WINDOWS, proxy: Proxy(), setWindowRect: true, strictFileInteractability: false, timeouts: {implicit: 0, pageLoad: 300000, script: 30000}, unhandledPromptBehavior: dismiss and notify, webauthn:virtualAuthenticators: true}&#10;Session ID: f8cf2701b8ab438f72ff6e665786b306&#10;*** Element info: {Using=xpath, value=//input[@id='username']}" type="org.openqa.selenium.NoSuchElementException"><![CDATA[Given user got to GMI Bank homepage.........................................passed
And user click to dropdown button...........................................passed
Then user click to Sign in button...........................................passed
And user click User name button.............................................failed
And user type Username "team21customer".....................................skipped
And user click to Password..................................................skipped
And user type Password "team21Customer".....................................skipped
Then user click Sign in.....................................................skipped
Then user click My Operation button.........................................skipped
Then user click Manage Accounts button......................................skipped
Then user view transaction..................................................skipped

StackTrace:
org.openqa.selenium.NoSuchElementException: no such element: Unable to locate element: {"method":"xpath","selector":"//input[@id='username']"}
  (Session info: chrome=87.0.4280.88)
For documentation on this error, please visit: https://www.seleniumhq.org/exceptions/no_such_element.html
Build info: version: '3.141.59', revision: 'e82be7d358', time: '2018-11-14T08:17:03'
System info: host: 'DESKTOP-VEALI02', ip: '172.30.16.211', os.name: 'Windows 10', os.arch: 'amd64', os.version: '10.0', java.version: '1.8.0_241'
Driver info: org.openqa.selenium.chrome.ChromeDriver
Capabilities {acceptInsecureCerts: false, browserName: chrome, browserVersion: 87.0.4280.88, chrome: {chromedriverVersion: 87.0.4280.88 (89e2380a3e36c..., userDataDir: C:\Users\user\AppData\Local...}, goog:chromeOptions: {debuggerAddress: localhost:65516}, javascriptEnabled: true, networkConnectionEnabled: false, pageLoadStrategy: normal, platform: WINDOWS, platformName: WINDOWS, proxy: Proxy(), setWindowRect: true, strictFileInteractability: false, timeouts: {implicit: 0, pageLoad: 300000, script: 30000}, unhandledPromptBehavior: dismiss and notify, webauthn:virtualAuthenticators: true}
Session ID: f8cf2701b8ab438f72ff6e665786b306
*** Element info: {Using=xpath, value=//input[@id='username']}
	at sun.reflect.NativeConstructorAccessorImpl.newInstance0(Native Method)
	at sun.reflect.NativeConstructorAccessorImpl.newInstance(NativeConstructorAccessorImpl.java:62)
	at sun.reflect.DelegatingConstructorAccessorImpl.newInstance(DelegatingConstructorAccessorImpl.java:45)
	at java.lang.reflect.Constructor.newInstance(Constructor.java:423)
	at org.openqa.selenium.remote.http.W3CHttpResponseCodec.createException(W3CHttpResponseCodec.java:187)
	at org.openqa.selenium.remote.http.W3CHttpResponseCodec.decode(W3CHttpResponseCodec.java:122)
	at org.openqa.selenium.remote.http.W3CHttpResponseCodec.decode(W3CHttpResponseCodec.java:49)
	at org.openqa.selenium.remote.HttpCommandExecutor.execute(HttpCommandExecutor.java:158)
	at org.openqa.selenium.remote.service.DriverCommandExecutor.execute(DriverCommandExecutor.java:83)
	at org.openqa.selenium.remote.RemoteWebDriver.execute(RemoteWebDriver.java:552)
	at org.openqa.selenium.remote.RemoteWebDriver.findElement(RemoteWebDriver.java:323)
	at org.openqa.selenium.remote.RemoteWebDriver.findElementByXPath(RemoteWebDriver.java:428)
	at org.openqa.selenium.By$ByXPath.findElement(By.java:353)
	at org.openqa.selenium.remote.RemoteWebDriver.findElement(RemoteWebDriver.java:315)
	at org.openqa.selenium.support.pagefactory.DefaultElementLocator.findElement(DefaultElementLocator.java:69)
	at org.openqa.selenium.support.pagefactory.internal.LocatingElementHandler.invoke(LocatingElementHandler.java:38)
	at com.sun.proxy.$Proxy18.click(Unknown Source)
	at gmibank.stepdefinitions.US_015_Manege_Account_sd.user_click_User_name_button(US_015_Manege_Account_sd.java:29)
	at ✽.user click User name button(file:///C:/Users/user/IdeaProjects/gmibankproject/src/test/resources/features/US_015_Manage_Account.feature:7)
]]></failure>
</testcase>
</testsuite>
